Release 12.4 Map M.81d (lin64)
Xilinx Mapping Report File for Design 'main_kbd'

Design Information
------------------
Command Line   : map -detail -u -p xc6slx16-3-csg324 -pr b -c 100 -o
design_map.ncd design.ngd design.pcf 
Target Device  : xc6slx16
Target Package : csg324
Target Speed   : -3
Mapper Version : spartan6 -- $Revision: 1.52.76.2 $
Mapped Date    : Thu May 11 00:58:27 2017

Design Summary
--------------
Number of errors:      0
Number of warnings:    0
Slice Logic Utilization:
  Number of Slice Registers:                    46 out of  18,224    1%
    Number used as Flip Flops:                  46
    Number used as Latches:                      0
    Number used as Latch-thrus:                  0
    Number used as AND/OR logics:                0
  Number of Slice LUTs:                         69 out of   9,112    1%
    Number used as logic:                       67 out of   9,112    1%
      Number using O6 output only:              41
      Number using O5 output only:              21
      Number using O5 and O6:                    5
      Number used as ROM:                        0
    Number used as Memory:                       1 out of   2,176    1%
      Number used as Dual Port RAM:              0
      Number used as Single Port RAM:            0
      Number used as Shift Register:             1
        Number using O6 output only:             1
        Number using O5 output only:             0
        Number using O5 and O6:                  0
    Number used exclusively as route-thrus:      1
      Number with same-slice register load:      0
      Number with same-slice carry load:         1
      Number with other load:                    0

Slice Logic Distribution:
  Number of occupied Slices:                    25 out of   2,278    1%
  Number of LUT Flip Flop pairs used:           77
    Number with an unused Flip Flop:            32 out of      77   41%
    Number with an unused LUT:                   8 out of      77   10%
    Number of fully used LUT-FF pairs:          37 out of      77   48%
    Number of unique control sets:               6
    Number of slice register sites lost
      to control set restrictions:              25 out of  18,224    1%

  A LUT Flip Flop pair for this architecture represents one LUT paired with
  one Flip Flop within a slice.  A control set is a unique combination of
  clock, reset, set, and enable signals for a registered element.
  The Slice Logic Distribution report is not meaningful if the design is
  over-mapped for a non-slice resource or if Placement fails.

IO Utilization:
  Number of bonded IOBs:                        16 out of     232    6%
    Number of LOCed IOBs:                       16 out of      16  100%
    IOB Flip Flops:                             13

Specific Feature Utilization:
  Number of RAMB16BWERs:                         0 out of      32    0%
  Number of RAMB8BWERs:                          0 out of      64    0%
  Number of BUFIO2/BUFIO2_2CLKs:                 0 out of      32    0%
  Number of BUFIO2FB/BUFIO2FB_2CLKs:             0 out of      32    0%
  Number of BUFG/BUFGMUXs:                       1 out of      16    6%
    Number used as BUFGs:                        1
    Number used as BUFGMUX:                      0
  Number of DCM/DCM_CLKGENs:                     0 out of       4    0%
  Number of ILOGIC2/ISERDES2s:                   2 out of     248    1%
    Number used as ILOGIC2s:                     2
    Number used as ISERDES2s:                    0
  Number of IODELAY2/IODRP2/IODRP2_MCBs:         0 out of     248    0%
  Number of OLOGIC2/OSERDES2s:                  11 out of     248    4%
    Number used as OLOGIC2s:                    11
    Number used as OSERDES2s:                    0
  Number of BSCANs:                              0 out of       4    0%
  Number of BUFHs:                               0 out of     128    0%
  Number of BUFPLLs:                             0 out of       8    0%
  Number of BUFPLL_MCBs:                         0 out of       4    0%
  Number of DSP48A1s:                            0 out of      32    0%
  Number of ICAPs:                               0 out of       1    0%
  Number of MCBs:                                0 out of       2    0%
  Number of PCILOGICSEs:                         0 out of       2    0%
  Number of PLL_ADVs:                            0 out of       2    0%
  Number of PMVs:                                0 out of       1    0%
  Number of STARTUPs:                            0 out of       1    0%
  Number of SUSPEND_SYNCs:                       0 out of       1    0%

Average Fanout of Non-Clock Nets:                3.01

Peak Memory Usage:  567 MB
Total REAL time to MAP completion:  12 secs 
Total CPU time to MAP completion:   7 secs 

Table of Contents
-----------------
Section 1 - Errors
Section 2 - Warnings
Section 3 - Informational
Section 4 - Removed Logic Summary
Section 5 - Removed Logic
Section 6 - IOB Properties
Section 7 - RPMs
Section 8 - Guide Report
Section 9 - Area Group and Partition Summary
Section 10 - Timing Report
Section 11 - Configuration String Information
Section 12 - Control Set Information
Section 13 - Utilization by Hierarchy

Section 1 - Errors
------------------

Section 2 - Warnings
--------------------
WARNING:Security:43 - No license file was found in the standard Xilinx license
directory.
WARNING:Security:44 - No license file was found.
WARNING:Security:42 - Your software subscription period has lapsed. Your current
version of Xilinx tools will continue to function, but you no longer qualify for
Xilinx software updates or new releases.

Section 3 - Informational
-------------------------
INFO:Security:50 - The XILINXD_LICENSE_FILE environment variable is set to
'1706@license.isy.liu.se'.
INFO:Security:52 - The LM_LICENSE_FILE environment variable is set to
'1706@license.isy.liu.se'.
INFO:Security:54 - 'xc6slx16' is a WebPack part.
INFO:MapLib:562 - No environment variables are currently set.
INFO:LIT:244 - All of the single ended outputs in this design are using slew
   rate limited output drivers. The delay on speed critical single ended outputs
   can be dramatically reduced by designating them as fast outputs.
INFO:Pack:1716 - Initializing temperature to 85.000 Celsius. (default - Range:
   0.000 to 85.000 Celsius)
INFO:Pack:1720 - Initializing voltage to 1.140 Volts. (default - Range: 1.140 to
   1.260 Volts)
INFO:Map:215 - The Interim Design Summary has been generated in the MAP Report
   (.mrp).
INFO:Pack:1650 - Map created a placed design.

Section 4 - Removed Logic Summary
---------------------------------
   2 block(s) optimized away
  22 Block(s) redundant

Section 5 - Removed Logic
-------------------------

Optimized Block(s):
TYPE 		BLOCK
GND 		XST_GND
VCC 		XST_VCC

Redundant Block(s):
TYPE 		BLOCK
LUT1 		U1/Mcount_counter_r_cy<21>_rt
LUT1 		U1/Mcount_counter_r_cy<20>_rt
LUT1 		U1/Mcount_counter_r_cy<19>_rt
LUT1 		U1/Mcount_counter_r_cy<18>_rt
LUT1 		U1/Mcount_counter_r_cy<17>_rt
LUT1 		U1/Mcount_counter_r_cy<16>_rt
LUT1 		U1/Mcount_counter_r_cy<15>_rt
LUT1 		U1/Mcount_counter_r_cy<14>_rt
LUT1 		U1/Mcount_counter_r_cy<13>_rt
LUT1 		U1/Mcount_counter_r_cy<12>_rt
LUT1 		U1/Mcount_counter_r_cy<11>_rt
LUT1 		U1/Mcount_counter_r_cy<10>_rt
LUT1 		U1/Mcount_counter_r_cy<9>_rt
LUT1 		U1/Mcount_counter_r_cy<8>_rt
LUT1 		U1/Mcount_counter_r_cy<7>_rt
LUT1 		U1/Mcount_counter_r_cy<6>_rt
LUT1 		U1/Mcount_counter_r_cy<5>_rt
LUT1 		U1/Mcount_counter_r_cy<4>_rt
LUT1 		U1/Mcount_counter_r_cy<3>_rt
LUT1 		U1/Mcount_counter_r_cy<2>_rt
LUT1 		U1/Mcount_counter_r_cy<1>_rt
LUT1 		U1/Mcount_counter_r_xor<22>_rt

Section 6 - IOB Properties
--------------------------

+---------------------------------------------------------------------------------------------------------------------------------------------------------+
| IOB Name                           | Type             | Direction | IO Standard          | Diff  | Drive    | Slew | Reg (s)      | Resistor | IOB      |
|                                    |                  |           |                      | Term  | Strength | Rate |              |          | Delay    |
+---------------------------------------------------------------------------------------------------------------------------------------------------------+
| PS2KeyboardCLK                     | IOB              | INPUT     | LVCMOS33             |       |          |      | IFF          | PULLUP   |          |
| PS2KeyboardData                    | IOB              | INPUT     | LVCMOS33             |       |          |      | IFF          | PULLUP   |          |
| an<0>                              | IOB              | OUTPUT    | LVCMOS33             |       | 12       | SLOW | OFF          |          |          |
| an<1>                              | IOB              | OUTPUT    | LVCMOS33             |       | 12       | SLOW | OFF          |          |          |
| an<2>                              | IOB              | OUTPUT    | LVCMOS33             |       | 12       | SLOW | OFF          |          |          |
| an<3>                              | IOB              | OUTPUT    | LVCMOS33             |       | 12       | SLOW | OFF          |          |          |
| clk                                | IOB              | INPUT     | LVCMOS33             |       |          |      |              |          |          |
| rst                                | IOB              | INPUT     | LVCMOS33             |       |          |      |              |          |          |
| seg<0>                             | IOB              | OUTPUT    | LVCMOS33             |       | 12       | SLOW | OFF          |          |          |
| seg<1>                             | IOB              | OUTPUT    | LVCMOS33             |       | 12       | SLOW | OFF          |          |          |
| seg<2>                             | IOB              | OUTPUT    | LVCMOS33             |       | 12       | SLOW | OFF          |          |          |
| seg<3>                             | IOB              | OUTPUT    | LVCMOS33             |       | 12       | SLOW | OFF          |          |          |
| seg<4>                             | IOB              | OUTPUT    | LVCMOS33             |       | 12       | SLOW | OFF          |          |          |
| seg<5>                             | IOB              | OUTPUT    | LVCMOS33             |       | 12       | SLOW | OFF          |          |          |
| seg<6>                             | IOB              | OUTPUT    | LVCMOS33             |       | 12       | SLOW | OFF          |          |          |
| seg<7>                             | IOB              | OUTPUT    | LVCMOS33             |       | 12       | SLOW |              |          |          |
+---------------------------------------------------------------------------------------------------------------------------------------------------------+

Section 7 - RPMs
----------------

Section 8 - Guide Report
------------------------
Guide not run on this design.

Section 9 - Area Group and Partition Summary
--------------------------------------------

Partition Implementation Status
-------------------------------

  No Partitions were found in this design.

-------------------------------

Area Group Information
----------------------

  No area groups were found in this design.

----------------------

Section 10 - Timing Report
--------------------------
A logic-level (pre-route) timing report can be generated by using Xilinx static
timing analysis tools, Timing Analyzer (GUI) or TRCE (command line), with the
mapped NCD and PCF files. Please note that this timing report will be generated
using estimated delay information. For accurate numbers, please generate a
timing report with the post Place and Route NCD file.

For more information about the Timing Analyzer, consult the Xilinx Timing
Analyzer Reference Manual; for more information about TRCE, consult the Xilinx
Command Line Tools User Guide "TRACE" chapter.

Section 11 - Configuration String Details
-----------------------------------------

Section 12 - Control Set Information
------------------------------------
+---------------------------------------------------------------------------------------------------------------------+
| Clock Signal | Reset Signal                        | Set Signal | Enable Signal | Slice Load Count | Bel Load Count |
+---------------------------------------------------------------------------------------------------------------------+
| U1/clk_1kHz  |                                     |            |               | 1                | 2              |
+---------------------------------------------------------------------------------------------------------------------+
| clk_BUFGP    |                                     |            |               | 3                | 5              |
| clk_BUFGP    |                                     |            | U0/PS2Clk_op  | 3                | 9              |
| clk_BUFGP    | U0/_n0348                           |            | U0/PS2Clk_op  | 1                | 4              |
| clk_BUFGP    | U1/GND_6_o_counter_r[22]_equal_15_o |            |               | 6                | 23             |
| clk_BUFGP    | rst_IBUF                            |            |               | 2                | 4              |
+---------------------------------------------------------------------------------------------------------------------+

Section 13 - Utilization by Hierarchy
-------------------------------------
+---------------------------------------------------------------------------------------------------------------------------------------------------------------------------------------+
| Module             | Partition | Slices*       | Slice Reg     | LUTs          | LUTRAM        | BRAM/FIFO | DSP48A1 | BUFG  | BUFIO | BUFR  | DCM   | PLL_ADV   | Full Hierarchical  |
+---------------------------------------------------------------------------------------------------------------------------------------------------------------------------------------+
| main_kbd/          |           | 1/30          | 0/46          | 0/47          | 0/1           | 0/0       | 0/0     | 1/1   | 0/0   | 0/0   | 0/0   | 0/0       | main_kbd           |
| +U0                |           | 15/15         | 18/18         | 26/26         | 1/1           | 0/0       | 0/0     | 0/0   | 0/0   | 0/0   | 0/0   | 0/0       | main_kbd/U0        |
| +U1                |           | 14/14         | 28/28         | 21/21         | 0/0           | 0/0       | 0/0     | 0/0   | 0/0   | 0/0   | 0/0   | 0/0       | main_kbd/U1        |
+---------------------------------------------------------------------------------------------------------------------------------------------------------------------------------------+

* Slices can be packed with basic elements from multiple hierarchies.
  Therefore, a slice will be counted in every hierarchical module
  that each of its packed basic elements belong to.
** For each column, there are two numbers reported <A>/<B>.
   <A> is the number of elements that belong to that specific hierarchical module.
   <B> is the total number of elements from that hierarchical module and any lower level
   hierarchical modules below.
*** The LUTRAM column counts all LUTs used as memory including RAM, ROM, and shift registers.
